<?xml version="1.0" encoding="UTF-8"?>
<testng-results skipped="0" failed="0" ignored="0" total="1" passed="1">
  <reporter-output>
  </reporter-output>
  <suite name="Suite1" duration-ms="24212" started-at="2022-10-24T14:08:23 CEST" finished-at="2022-10-24T14:08:47 CEST">
    <groups>
    </groups>
    <test name="iOS_PoC" duration-ms="24212" started-at="2022-10-24T14:08:23 CEST" finished-at="2022-10-24T14:08:47 CEST">
      <class name="SmokeTestIOS">
        <test-method status="PASS" signature="iOSTest()[pri:0, instance:SmokeTestIOS@150c158]" name="iOSTest" duration-ms="24118" started-at="2022-10-24T14:08:23 CEST" finished-at="2022-10-24T14:08:47 CEST">
          <reporter-output>
          </reporter-output>
        </test-method> <!-- iOSTest -->
        <test-method status="PASS" signature="cleanUp()[pri:0, instance:SmokeTestIOS@150c158]" name="cleanUp" is-config="true" duration-ms="31" started-at="2022-10-24T14:08:47 CEST" finished-at="2022-10-24T14:08:47 CEST">
          <reporter-output>
          </reporter-output>
        </test-method> <!-- cleanUp -->
      </class> <!-- SmokeTestIOS -->
    </test> <!-- iOS_PoC -->
  </suite> <!-- Suite1 -->
</testng-results>
